<?xml version="1.0" encoding="UTF-8"?>
<testng-results skipped="0" failed="2" total="2" passed="0">
  <reporter-output>
  </reporter-output>
  <suite name="Command line suite" duration-ms="1782317" started-at="2017-06-02T17:48:42Z" finished-at="2017-06-02T18:18:25Z">
    <groups>
    </groups>
    <test name="Command line test" duration-ms="1782317" started-at="2017-06-02T17:48:42Z" finished-at="2017-06-02T18:18:25Z">
      <class name="com.cisco.testscripts.RMASimplification.RMAS_1018239_Standard_Return_Ship">
        <test-method status="FAIL" signature="rmas_1018239_Standard_Return_Ship(lib.cisco.util.AppTestDTO)[pri:0, instance:com.cisco.testscripts.RMASimplification.RMAS_1018239_Standard_Return_Ship@2bb0521c]" name="rmas_1018239_Standard_Return_Ship" duration-ms="1782312" started-at="2017-06-02T10:48:42Z" data-provider="getDataProvider" finished-at="2017-06-02T11:18:25Z">
          <exception class="java.lang.NoSuchMethodError">
            <message>
              <![CDATA[lib.cisco.util.DBUtill.addLogResultToMap(Ljava/lang/String;Ljava/lang/String;Ljava/lang/String;Ljava/lang/String;Ljava/lang/String;Ljava/lang/String;Ljava/lang/String;Ljava/lang/String;Ljava/lang/String;)V]]>
            </message>
            <full-stacktrace>
              <![CDATA[java.lang.NoSuchMethodError: lib.cisco.util.DBUtill.addLogResultToMap(Ljava/lang/String;Ljava/lang/String;Ljava/lang/String;Ljava/lang/String;Ljava/lang/String;Ljava/lang/String;Ljava/lang/String;Ljava/lang/String;Ljava/lang/String;)V
	at lib.cisco.util.Listener.onTestFailure(Listener.java:46)
	at org.testng.internal.Invoker.runTestListeners(Invoker.java:1686)
	at org.testng.internal.Invoker.runTestListeners(Invoker.java:1670)
	at org.testng.internal.Invoker.invokeMethod(Invoker.java:696)
	at org.testng.internal.Invoker.invokeTestMethod(Invoker.java:816)
	at org.testng.internal.Invoker.invokeTestMethods(Invoker.java:1124)
	at org.testng.internal.TestMethodWorker.invokeTestMethods(TestMethodWorker.java:125)
	at org.testng.internal.TestMethodWorker.run(TestMethodWorker.java:108)
	at org.testng.TestRunner.privateRun(TestRunner.java:774)
	at org.testng.TestRunner.run(TestRunner.java:624)
	at org.testng.SuiteRunner.runTest(SuiteRunner.java:359)
	at org.testng.SuiteRunner.runSequentially(SuiteRunner.java:354)
	at org.testng.SuiteRunner.privateRun(SuiteRunner.java:312)
	at org.testng.SuiteRunner.run(SuiteRunner.java:261)
	at org.testng.SuiteRunnerWorker.runSuite(SuiteRunnerWorker.java:52)
	at org.testng.SuiteRunnerWorker.run(SuiteRunnerWorker.java:86)
	at org.testng.TestNG.runSuitesSequentially(TestNG.java:1215)
	at org.testng.TestNG.runSuitesLocally(TestNG.java:1140)
	at org.testng.TestNG.run(TestNG.java:1048)
	at lib.cisco.util.SequentialExecution.runTestNGSequential(SequentialExecution.java:51)
	at lib.cisco.util.Runner.primaryExecution(Runner.java:242)
	at lib.cisco.util.Runner.releaseTesting(Runner.java:208)
	at lib.cisco.util.Runner.main(Runner.java:156)
]]>
            </full-stacktrace>
          </exception> <!-- java.lang.NoSuchMethodError -->
          <reporter-output>
          </reporter-output>
        </test-method> <!-- rmas_1018239_Standard_Return_Ship -->
        <test-method status="FAIL" signature="rmas_1018239_Standard_Return_Ship(lib.cisco.util.AppTestDTO)[pri:0, instance:com.cisco.testscripts.RMASimplification.RMAS_1018239_Standard_Return_Ship@2bb0521c]" name="rmas_1018239_Standard_Return_Ship" duration-ms="1782290" started-at="2017-06-02T10:48:42Z" data-provider="getDataProvider" finished-at="2017-06-02T11:18:25Z">
          <params>
            <param index="0">
              <value>
                <![CDATA[lib.cisco.util.AppTestDTO@1aaa5fc5]]>
              </value>
            </param>
          </params>
          <exception class="java.lang.AssertionError">
            <message>
              <![CDATA[expected [true] but found [false]]]>
            </message>
            <full-stacktrace>
              <![CDATA[java.lang.AssertionError: expected [true] but found [false]
	at org.testng.Assert.fail(Assert.java:94)
	at org.testng.Assert.failNotEquals(Assert.java:496)
	at org.testng.Assert.assertTrue(Assert.java:42)
	at org.testng.Assert.assertTrue(Assert.java:52)
	at lib.cisco.util.DeliveryDetailsUtility.rmaSymftion_DelryDetails_Clk_DelryDetailsContinue(DeliveryDetailsUtility.java:1542)
	at lib.cisco.util.ApplicationUtility.rmaSymftion_DelryDetails_Clk_DelryDetailsContinue(ApplicationUtility.java:1998)
	at com.cisco.testscripts.RMASimplification.RMAS_1018239_Standard_Return_Ship.rmas_1018239_Standard_Return_Ship(RMAS_1018239_Standard_Return_Ship.java:73)
	at sun.reflect.NativeMethodAccessorImpl.invoke0(Native Method)
	at sun.reflect.NativeMethodAccessorImpl.invoke(NativeMethodAccessorImpl.java:57)
	at sun.reflect.DelegatingMethodAccessorImpl.invoke(DelegatingMethodAccessorImpl.java:43)
	at java.lang.reflect.Method.invoke(Method.java:606)
	at org.testng.internal.MethodInvocationHelper.invokeMethod(MethodInvocationHelper.java:85)
	at org.testng.internal.Invoker.invokeMethod(Invoker.java:639)
	at org.testng.internal.Invoker.invokeTestMethod(Invoker.java:816)
	at org.testng.internal.Invoker.invokeTestMethods(Invoker.java:1124)
	at org.testng.internal.TestMethodWorker.invokeTestMethods(TestMethodWorker.java:125)
	at org.testng.internal.TestMethodWorker.run(TestMethodWorker.java:108)
	at org.testng.TestRunner.privateRun(TestRunner.java:774)
	at org.testng.TestRunner.run(TestRunner.java:624)
	at org.testng.SuiteRunner.runTest(SuiteRunner.java:359)
	at org.testng.SuiteRunner.runSequentially(SuiteRunner.java:354)
	at org.testng.SuiteRunner.privateRun(SuiteRunner.java:312)
	at org.testng.SuiteRunner.run(SuiteRunner.java:261)
	at org.testng.SuiteRunnerWorker.runSuite(SuiteRunnerWorker.java:52)
	at org.testng.SuiteRunnerWorker.run(SuiteRunnerWorker.java:86)
	at org.testng.TestNG.runSuitesSequentially(TestNG.java:1215)
	at org.testng.TestNG.runSuitesLocally(TestNG.java:1140)
	at org.testng.TestNG.run(TestNG.java:1048)
	at lib.cisco.util.SequentialExecution.runTestNGSequential(SequentialExecution.java:51)
	at lib.cisco.util.Runner.primaryExecution(Runner.java:242)
	at lib.cisco.util.Runner.releaseTesting(Runner.java:208)
	at lib.cisco.util.Runner.main(Runner.java:156)
]]>
            </full-stacktrace>
          </exception> <!-- java.lang.AssertionError -->
          <reporter-output>
          </reporter-output>
        </test-method> <!-- rmas_1018239_Standard_Return_Ship -->
      </class> <!-- com.cisco.testscripts.RMASimplification.RMAS_1018239_Standard_Return_Ship -->
    </test> <!-- Command line test -->
  </suite> <!-- Command line suite -->
</testng-results>
