<?xml version="1.0" encoding="UTF-8"?>
<!-- Generated by org.testng.reporters.JUnitReportReporter -->
<testsuite hostname="KAGUMPA-G2BH5" name="com.cisco.testscripts.RMASimplification.RMAS_1018209_PartInfo_Clk_SendRMAReqCustomer" tests="1" failures="0" timestamp="3 Feb 2017 19:42:56 GMT" time="50.744" errors="1">
  <testcase name="rmas_1018209_PartInfo_Clk_SendRMAReqCustomer" time="50.744" classname="com.cisco.testscripts.RMASimplification.RMAS_1018209_PartInfo_Clk_SendRMAReqCustomer">
    <error type="java.lang.AssertionError" message="expected [true] but found [false]">
      <![CDATA[java.lang.AssertionError: expected [true] but found [false]
	at org.testng.Assert.fail(Assert.java:94)
	at org.testng.Assert.failNotEquals(Assert.java:494)
	at org.testng.Assert.assertTrue(Assert.java:42)
	at org.testng.Assert.assertTrue(Assert.java:52)
	at lib.cisco.util.PartInformationUtility.rmaSymftion_PrtInfo_Select_ServiceLevel_I(PartInformationUtility.java:224)
	at lib.cisco.util.ApplicationUtility.rmaSymftion_PrtInfo_Select_ServiceLevel_I(ApplicationUtility.java:737)
	at com.cisco.testscripts.RMASimplification.RMAS_1018209_PartInfo_Clk_SendRMAReqCustomer.rmas_1018209_PartInfo_Clk_SendRMAReqCustomer(RMAS_1018209_PartInfo_Clk_SendRMAReqCustomer.java:38)
	at sun.reflect.NativeMethodAccessorImpl.invoke0(Native Method)
	at sun.reflect.NativeMethodAccessorImpl.invoke(NativeMethodAccessorImpl.java:57)
	at sun.reflect.DelegatingMethodAccessorImpl.invoke(DelegatingMethodAccessorImpl.java:43)
	at java.lang.reflect.Method.invoke(Method.java:606)
	at org.testng.internal.MethodInvocationHelper.invokeMethod(MethodInvocationHelper.java:84)
	at org.testng.internal.Invoker.invokeMethod(Invoker.java:714)
	at org.testng.internal.Invoker.invokeTestMethod(Invoker.java:901)
	at org.testng.internal.Invoker.invokeTestMethods(Invoker.java:1231)
	at org.testng.internal.TestMethodWorker.invokeTestMethods(TestMethodWorker.java:127)
	at org.testng.internal.TestMethodWorker.run(TestMethodWorker.java:111)
	at org.testng.TestRunner.privateRun(TestRunner.java:767)
	at org.testng.TestRunner.run(TestRunner.java:617)
	at org.testng.SuiteRunner.runTest(SuiteRunner.java:348)
	at org.testng.SuiteRunner.runSequentially(SuiteRunner.java:343)
	at org.testng.SuiteRunner.privateRun(SuiteRunner.java:305)
	at org.testng.SuiteRunner.run(SuiteRunner.java:254)
	at org.testng.SuiteRunnerWorker.runSuite(SuiteRunnerWorker.java:52)
	at org.testng.SuiteRunnerWorker.run(SuiteRunnerWorker.java:86)
	at org.testng.TestNG.runSuitesSequentially(TestNG.java:1224)
	at org.testng.TestNG.runSuitesLocally(TestNG.java:1149)
	at org.testng.TestNG.run(TestNG.java:1057)
	at lib.cisco.util.ParallelExecution.run(ParallelExecution.java:56)
	at java.lang.Thread.run(Thread.java:744)
]]>
    </error>
  </testcase> <!-- rmas_1018209_PartInfo_Clk_SendRMAReqCustomer -->
</testsuite> <!-- com.cisco.testscripts.RMASimplification.RMAS_1018209_PartInfo_Clk_SendRMAReqCustomer -->
