<?xml version="1.0" encoding="UTF-8"?>
<!-- Generated by org.testng.reporters.JUnitReportReporter -->
<testsuite hostname="KAGUMPA-G2BH5" name="com.cisco.testscripts.PremiumRouting.Prem_Select_PreferedOrder" tests="1" failures="0" timestamp="28 Apr 2016 14:48:14 GMT" time="154.162" errors="1">
  <testcase name="prem_Select_PreferedOrder" time="154.162" classname="com.cisco.testscripts.PremiumRouting.Prem_Select_PreferedOrder">
    <error type="java.lang.AssertionError" message="expected [true] but found [false]">
      <![CDATA[java.lang.AssertionError: expected [true] but found [false]
	at org.testng.Assert.fail(Assert.java:94)
	at org.testng.Assert.failNotEquals(Assert.java:494)
	at org.testng.Assert.assertTrue(Assert.java:42)
	at org.testng.Assert.assertTrue(Assert.java:52)
	at lib.cisco.util.ApplicationUtility.routing_SORT_Select_DeliveryOption_RMA(ApplicationUtility.java:3375)
	at com.cisco.testscripts.PremiumRouting.Prem_Select_PreferedOrder.prem_Select_PreferedOrder(Prem_Select_PreferedOrder.java:31)
	at sun.reflect.NativeMethodAccessorImpl.invoke0(Native Method)
	at sun.reflect.NativeMethodAccessorImpl.invoke(Unknown Source)
	at sun.reflect.DelegatingMethodAccessorImpl.invoke(Unknown Source)
	at java.lang.reflect.Method.invoke(Unknown Source)
	at org.testng.internal.MethodInvocationHelper.invokeMethod(MethodInvocationHelper.java:84)
	at org.testng.internal.Invoker.invokeMethod(Invoker.java:714)
	at org.testng.internal.Invoker.invokeTestMethod(Invoker.java:901)
	at org.testng.internal.Invoker.invokeTestMethods(Invoker.java:1231)
	at org.testng.internal.TestMethodWorker.invokeTestMethods(TestMethodWorker.java:127)
	at org.testng.internal.TestMethodWorker.run(TestMethodWorker.java:111)
	at org.testng.TestRunner.privateRun(TestRunner.java:767)
	at org.testng.TestRunner.run(TestRunner.java:617)
	at org.testng.SuiteRunner.runTest(SuiteRunner.java:348)
	at org.testng.SuiteRunner.runSequentially(SuiteRunner.java:343)
	at org.testng.SuiteRunner.privateRun(SuiteRunner.java:305)
	at org.testng.SuiteRunner.run(SuiteRunner.java:254)
	at org.testng.SuiteRunnerWorker.runSuite(SuiteRunnerWorker.java:52)
	at org.testng.SuiteRunnerWorker.run(SuiteRunnerWorker.java:86)
	at org.testng.TestNG.runSuitesSequentially(TestNG.java:1224)
	at org.testng.TestNG.runSuitesLocally(TestNG.java:1149)
	at org.testng.TestNG.run(TestNG.java:1057)
	at lib.cisco.util.SequentialExecution.runTestNGSequential(SequentialExecution.java:51)
	at lib.cisco.util.Runner.primaryExecution(Runner.java:248)
	at lib.cisco.util.Runner.releaseTesting(Runner.java:216)
	at lib.cisco.util.Runner.main(Runner.java:170)
]]>
    </error>
  </testcase> <!-- prem_Select_PreferedOrder -->
</testsuite> <!-- com.cisco.testscripts.PremiumRouting.Prem_Select_PreferedOrder -->
