<?xml version="1.0" encoding="UTF-8"?>
<!-- Generated by org.testng.reporters.JUnitReportReporter -->
<testsuite hostname="KAGUMPA-G2BH5" name="com.cisco.testscripts.RMASimplification.RMAS_1018238_E2E_Servlevl_Premium" tests="2" failures="1" timestamp="31 May 2017 19:05:22 GMT" time="2252.178" errors="1">
  <testcase name="rmas_1018238_E2E_Servlevl_Premium" time="1126.084" classname="com.cisco.testscripts.RMASimplification.RMAS_1018238_E2E_Servlevl_Premium">
    <failure type="java.lang.AssertionError" message="expected [true] but found [false]">
      <![CDATA[java.lang.AssertionError: expected [true] but found [false]
	at org.testng.Assert.fail(Assert.java:94)
	at org.testng.Assert.failNotEquals(Assert.java:496)
	at org.testng.Assert.assertTrue(Assert.java:42)
	at org.testng.Assert.assertTrue(Assert.java:52)
	at lib.cisco.util.DeliveryDetailsUtility.rmaSymftion_DelryDetails_Clk_DelryDetailsContinue(DeliveryDetailsUtility.java:1235)
	at lib.cisco.util.ApplicationUtility.rmaSymftion_DelryDetails_Clk_DelryDetailsContinue(ApplicationUtility.java:1850)
	at com.cisco.testscripts.RMASimplification.RMAS_1018238_E2E_Servlevl_Premium.rmas_1018238_E2E_Servlevl_Premium(RMAS_1018238_E2E_Servlevl_Premium.java:81)
	at sun.reflect.NativeMethodAccessorImpl.invoke0(Native Method)
	at sun.reflect.NativeMethodAccessorImpl.invoke(NativeMethodAccessorImpl.java:57)
	at sun.reflect.DelegatingMethodAccessorImpl.invoke(DelegatingMethodAccessorImpl.java:43)
	at java.lang.reflect.Method.invoke(Method.java:606)
	at org.testng.internal.MethodInvocationHelper.invokeMethod(MethodInvocationHelper.java:85)
	at org.testng.internal.Invoker.invokeMethod(Invoker.java:639)
	at org.testng.internal.Invoker.invokeTestMethod(Invoker.java:816)
	at org.testng.internal.Invoker.invokeTestMethods(Invoker.java:1124)
	at org.testng.internal.TestMethodWorker.invokeTestMethods(TestMethodWorker.java:125)
	at org.testng.internal.TestMethodWorker.run(TestMethodWorker.java:108)
	at org.testng.TestRunner.privateRun(TestRunner.java:774)
	at org.testng.TestRunner.run(TestRunner.java:624)
	at org.testng.SuiteRunner.runTest(SuiteRunner.java:359)
	at org.testng.SuiteRunner.runSequentially(SuiteRunner.java:354)
	at org.testng.SuiteRunner.privateRun(SuiteRunner.java:312)
	at org.testng.SuiteRunner.run(SuiteRunner.java:261)
	at org.testng.SuiteRunnerWorker.runSuite(SuiteRunnerWorker.java:52)
	at org.testng.SuiteRunnerWorker.run(SuiteRunnerWorker.java:86)
	at org.testng.TestNG.runSuitesSequentially(TestNG.java:1215)
	at org.testng.TestNG.runSuitesLocally(TestNG.java:1140)
	at org.testng.TestNG.run(TestNG.java:1048)
	at lib.cisco.util.SequentialExecution.runTestNGSequential(SequentialExecution.java:51)
	at lib.cisco.util.Runner.primaryExecution(Runner.java:242)
	at lib.cisco.util.Runner.releaseTesting(Runner.java:208)
	at lib.cisco.util.Runner.main(Runner.java:156)
]]>
    </failure>
  </testcase> <!-- rmas_1018238_E2E_Servlevl_Premium -->
  <testcase name="rmas_1018238_E2E_Servlevl_Premium" time="1126.094" classname="com.cisco.testscripts.RMASimplification.RMAS_1018238_E2E_Servlevl_Premium">
    <error type="java.lang.NoSuchMethodError" message="lib.cisco.util.DBUtill.addLogResultToMap(Ljava/lang/String;Ljava/lang/String;Ljava/lang/String;Ljava/lang/String;Ljava/lang/String;Ljava/lang/String;Ljava/lang/String;Ljava/lang/String;Ljava/lang/String;)V">
      <![CDATA[java.lang.NoSuchMethodError: lib.cisco.util.DBUtill.addLogResultToMap(Ljava/lang/String;Ljava/lang/String;Ljava/lang/String;Ljava/lang/String;Ljava/lang/String;Ljava/lang/String;Ljava/lang/String;Ljava/lang/String;Ljava/lang/String;)V
	at lib.cisco.util.Listener.onTestFailure(Listener.java:46)
	at org.testng.internal.Invoker.runTestListeners(Invoker.java:1686)
	at org.testng.internal.Invoker.runTestListeners(Invoker.java:1670)
	at org.testng.internal.Invoker.invokeMethod(Invoker.java:696)
	at org.testng.internal.Invoker.invokeTestMethod(Invoker.java:816)
	at org.testng.internal.Invoker.invokeTestMethods(Invoker.java:1124)
	at org.testng.internal.TestMethodWorker.invokeTestMethods(TestMethodWorker.java:125)
	at org.testng.internal.TestMethodWorker.run(TestMethodWorker.java:108)
	at org.testng.TestRunner.privateRun(TestRunner.java:774)
	at org.testng.TestRunner.run(TestRunner.java:624)
	at org.testng.SuiteRunner.runTest(SuiteRunner.java:359)
	at org.testng.SuiteRunner.runSequentially(SuiteRunner.java:354)
	at org.testng.SuiteRunner.privateRun(SuiteRunner.java:312)
	at org.testng.SuiteRunner.run(SuiteRunner.java:261)
	at org.testng.SuiteRunnerWorker.runSuite(SuiteRunnerWorker.java:52)
	at org.testng.SuiteRunnerWorker.run(SuiteRunnerWorker.java:86)
	at org.testng.TestNG.runSuitesSequentially(TestNG.java:1215)
	at org.testng.TestNG.runSuitesLocally(TestNG.java:1140)
	at org.testng.TestNG.run(TestNG.java:1048)
	at lib.cisco.util.SequentialExecution.runTestNGSequential(SequentialExecution.java:51)
	at lib.cisco.util.Runner.primaryExecution(Runner.java:242)
	at lib.cisco.util.Runner.releaseTesting(Runner.java:208)
	at lib.cisco.util.Runner.main(Runner.java:156)
]]>
    </error>
  </testcase> <!-- rmas_1018238_E2E_Servlevl_Premium -->
</testsuite> <!-- com.cisco.testscripts.RMASimplification.RMAS_1018238_E2E_Servlevl_Premium -->
